execve("./server", ["./server"], 0x7fffe34cb840 /* 24 vars */) = 0
brk(NULL)                               = 0x7fffdc7ba000
access("/etc/ld.so.nohwcap", F_OK)      = -1 ENOENT (No such file or directory)
access("/etc/ld.so.preload", R_OK)      = -1 ENOENT (No such file or directory)
openat(AT_FDCWD, "/etc/ld.so.cache", O_RDONLY|O_CLOEXEC) = 3
fstat(3, {st_mode=S_IFREG|0644, st_size=36865, ...}) = 0
mmap(NULL, 36865, PROT_READ, MAP_PRIVATE, 3, 0) = 0x7f0b9a910000
close(3)                                = 0
access("/etc/ld.so.nohwcap", F_OK)      = -1 ENOENT (No such file or directory)
openat(AT_FDCWD, "/lib/x86_64-linux-gnu/libc.so.6", O_RDONLY|O_CLOEXEC) = 3
read(3, "\177ELF\2\1\1\3\0\0\0\0\0\0\0\0\3\0>\0\1\0\0\0\260\34\2\0\0\0\0\0"..., 832) = 832
fstat(3, {st_mode=S_IFREG|0755, st_size=2030544, ...}) = 0
mmap(NULL, 8192, PROT_READ|PROT_WRITE, MAP_PRIVATE|MAP_ANONYMOUS, -1, 0) = 0x7f0b9a900000
mmap(NULL, 4131552, PROT_READ|PROT_EXEC, MAP_PRIVATE|MAP_DENYWRITE, 3, 0) = 0x7f0b9a200000
mprotect(0x7f0b9a3e7000, 2097152, PROT_NONE) = 0
mmap(0x7f0b9a5e7000, 24576, PROT_READ|PROT_WRITE, MAP_PRIVATE|MAP_FIXED|MAP_DENYWRITE, 3, 0x1e7000) = 0x7f0b9a5e7000
mmap(0x7f0b9a5ed000, 15072, PROT_READ|PROT_WRITE, MAP_PRIVATE|MAP_FIXED|MAP_ANONYMOUS, -1, 0) = 0x7f0b9a5ed000
close(3)                                = 0
arch_prctl(ARCH_SET_FS, 0x7f0b9a9014c0) = 0
mprotect(0x7f0b9a5e7000, 16384, PROT_READ) = 0
mprotect(0x7f0b9ac00000, 4096, PROT_READ) = 0
mprotect(0x7f0b9a827000, 4096, PROT_READ) = 0
munmap(0x7f0b9a910000, 36865)           = 0
socket(AF_INET, SOCK_STREAM, IPPROTO_TCP) = 3
bind(3, {sa_family=AF_INET, sin_port=htons(12345), sin_addr=inet_addr("0.0.0.0")}, 16) = 0
listen(3, 128)                          = 0
accept(3, NULL, NULL)                   = 4
recvfrom(4, "asdf", 4, MSG_NOSIGNAL, NULL, NULL) = 4
shutdown(4, SHUT_RDWR)                  = 0
close(4)                                = 0
fstat(1, {st_mode=S_IFCHR|0620, st_rdev=makedev(136, 0), ...}) = 0
brk(NULL)                               = 0x7fffdc7ba000
brk(0x7fffdc7db000)                     = 0x7fffdc7db000
write(1, "asdf\n", 5)                   = 5
accept(3, NULL, NULL)                   = 4
recvfrom(4, "aaaa", 4, MSG_NOSIGNAL, NULL, NULL) = 4
shutdown(4, SHUT_RDWR)                  = 0
close(4)                                = 0
write(1, "aaaa\n", 5)                   = 5
accept(3, NULL, NULLstrace: Process 177 detached
 <detached ...>
